<?xml version="1.0" encoding="UTF-8"?>
<!-- Generated by org.testng.reporters.JUnitReportReporter -->
<testsuite hostname="LAPTOP-Q8NDHS5K" failures="0" tests="3" name="com.test.Check" time="0.008" errors="0" timestamp="2022-10-03T09:43:07 IST" skipped="0">
  <testcase classname="com.test.Check" name="m3" time="0.000"/>
  <system-out/>
  <testcase classname="com.test.Check" name="m1" time="0.007"/>
  <system-out/>
  <testcase classname="com.test.Check" name="m2" time="0.001"/>
  <system-out/>
</testsuite> <!-- com.test.Check -->
