<?xml version="1.0" encoding="UTF-8"?>
<!-- Generated by org.testng.reporters.JUnitReportReporter -->
<testsuite hostname="LAPTOP-Q8NDHS5K" failures="0" tests="3" name="com.test.Test8" time="26.181" errors="0" timestamp="2022-08-05T16:36:51 IST" skipped="0">
  <testcase classname="com.test.Test8" name="add" time="0.001"/>
  <system-out/>
  <testcase classname="com.test.Test8" name="ExceptionProgram" time="0.005"/>
  <system-out/>
  <testcase classname="com.test.Test8" name="patternTest" time="26.175"/>
  <system-out/>
</testsuite> <!-- com.test.Test8 -->
