<?xml version="1.0" encoding="UTF-8"?>
<!-- Generated by org.testng.reporters.JUnitReportReporter -->
<testsuite hostname="LAPTOP-Q8NDHS5K" failures="0" tests="1" name="com.test.Test7" time="0.007" errors="0" timestamp="2022-08-05T15:53:05 IST" skipped="0">
  <testcase classname="com.test.Test7" name="test" time="0.007"/>
  <system-out/>
</testsuite> <!-- com.test.Test7 -->
