<?xml version="1.0" encoding="UTF-8"?>
<!-- Generated by org.testng.reporters.JUnitReportReporter -->
<testsuite hostname="LAPTOP-Q8NDHS5K" failures="0" tests="3" name="com.test.Test5" time="0.011" errors="0" timestamp="2022-08-05T12:46:55 IST" skipped="0">
  <testcase classname="com.test.Test5" name="m1" time="0.008"/>
  <system-out/>
  <testcase classname="com.test.Test5" name="m3" time="0.001"/>
  <system-out/>
  <testcase classname="com.test.Test5" name="m2" time="0.002"/>
  <system-out/>
</testsuite> <!-- com.test.Test5 -->
