<?xml version="1.0" encoding="UTF-8"?>
<!-- Generated by org.testng.reporters.JUnitReportReporter -->
<testsuite hostname="LAPTOP-Q8NDHS5K" failures="0" tests="1" name="com.test.InveliedAgeException1" time="3.490" errors="0" timestamp="2022-08-06T19:28:07 IST" skipped="0">
  <testcase classname="com.test.InveliedAgeException1" name="main" time="3.490"/>
  <system-out/>
</testsuite> <!-- com.test.InveliedAgeException1 -->
