<?xml version="1.0" encoding="UTF-8"?>
<!-- Generated by org.testng.reporters.JUnitReportReporter -->
<testsuite hostname="LAPTOP-Q8NDHS5K" failures="0" tests="1" name="com.test.PatternProgram" time="2.088" errors="0" timestamp="2022-08-06T19:29:24 IST" skipped="0">
  <testcase classname="com.test.PatternProgram" name="Test" time="2.088"/>
  <system-out/>
</testsuite> <!-- com.test.PatternProgram -->
