<?xml version="1.0" encoding="UTF-8"?>
<!-- Generated by org.testng.reporters.JUnitReportReporter -->
<testsuite hostname="LAPTOP-Q8NDHS5K" failures="0" tests="1" name="com.test.PatternProgram1" time="5.875" errors="0" timestamp="2022-08-17T17:15:58 IST" skipped="0">
  <testcase classname="com.test.PatternProgram1" name="pattern" time="5.875"/>
  <system-out/>
</testsuite> <!-- com.test.PatternProgram1 -->
