<?xml version="1.0" encoding="UTF-8"?>
<!-- Generated by org.testng.reporters.JUnitReportReporter -->
<testsuite hostname="LAPTOP-Q8NDHS5K" failures="0" tests="2" name="com.test.Test1" time="0.009" errors="0" timestamp="2022-08-22T16:00:56 IST" skipped="0">
  <testcase classname="com.test.Test1" name="test1" time="0.001"/>
  <system-out/>
  <testcase classname="com.test.Test1" name="test" time="0.008"/>
  <system-out/>
</testsuite> <!-- com.test.Test1 -->
