<?xml version="1.0" encoding="UTF-8"?>
<!-- Generated by org.testng.reporters.JUnitReportReporter -->
<testsuite hostname="LAPTOP-Q8NDHS5K" failures="0" tests="1" name="TestingProgram.TestNgProgram" time="0.009" errors="0" timestamp="2022-09-19T18:09:39 IST" skipped="0">
  <testcase classname="TestingProgram.TestNgProgram" name="isSchedulerServletWorking" time="0.009"/>
  <system-out/>
</testsuite> <!-- TestingProgram.TestNgProgram -->
