<?xml version="1.0" encoding="UTF-8"?>
<!-- Generated by org.testng.reporters.JUnitReportReporter -->
<testsuite hostname="LAPTOP-Q8NDHS5K" failures="0" tests="1" name="TestNgProgram" time="0.592" errors="0" timestamp="2022-09-22T12:13:01 IST" skipped="0">
  <testcase classname="TestNgProgram" name="isSchedulerServletWorking" time="0.592"/>
  <system-out/>
</testsuite> <!-- TestNgProgram -->
